<?xml version="1.0" encoding="UTF-8"?>
<testng-results ignored="0" total="1" passed="1" failed="0" skipped="0">
  <reporter-output>
  </reporter-output>
  <suite started-at="2025-06-10T17:15:04 IST" name="Default suite" finished-at="2025-06-10T17:15:04 IST" duration-ms="61">
    <groups>
    </groups>
    <test started-at="2025-06-10T17:15:04 IST" name="Default test" finished-at="2025-06-10T17:15:04 IST" duration-ms="61">
      <class name="Tp_learnings.SampleTest">
        <test-method signature="sampletest()[pri:0, instance:Tp_learnings.SampleTest@7db12bb6]" started-at="2025-06-10T17:15:04 IST" name="sampletest" finished-at="2025-06-10T17:15:04 IST" duration-ms="12" status="PASS">
          <reporter-output>
          </reporter-output>
        </test-method> <!-- sampletest -->
      </class> <!-- Tp_learnings.SampleTest -->
    </test> <!-- Default test -->
  </suite> <!-- Default suite -->
</testng-results>
